#
# There is insufficient memory for the Java Runtime Environment to continue.
# Native memory allocation (mmap) failed to map 132120576 bytes for G1 virtual space
# Possible reasons:
#   The system is out of physical RAM or swap space
#   The process is running with CompressedOops enabled, and the Java Heap may be blocking the growth of the native heap
# Possible solutions:
#   Reduce memory load on the system
#   Increase physical memory or swap space
#   Check if swap backing store is full
#   Decrease Java heap size (-Xmx/-Xms)
#   Decrease number of Java threads
#   Decrease Java thread stack sizes (-Xss)
#   Set larger code cache with -XX:ReservedCodeCacheSize=
#   JVM is running with Unscaled Compressed Oops mode in which the Java heap is
#     placed in the first 4GB address space. The Java Heap base address is the
#     maximum limit for the native heap growth. Please use -XX:HeapBaseMinAddress
#     to set the Java Heap base and to place the Java Heap above 4GB virtual address.
# This output file may be truncated or incomplete.
#
#  Out of Memory Error (os_windows.cpp:3527), pid=10988, tid=11792
#
# JRE version:  (19.0.1+10) (build )
# Java VM: Java HotSpot(TM) 64-Bit Server VM (19.0.1+10-21, mixed mode, sharing, tiered, compressed oops, compressed class ptrs, g1 gc, windows-amd64)
# No core dump will be written. Minidumps are not enabled by default on client versions of Windows
#

---------------  S U M M A R Y ------------

Command Line: --enable-preview -XX:+ShowCodeDetailsInExceptionMessages pinchange

Host: Intel(R) Core(TM) i5-10200H CPU @ 2.40GHz, 8 cores, 7G,  Windows 11 , 64 bit Build 22621 (10.0.22621.1105)
Time: Wed Mar 29 23:35:21 2023 India Standard Time elapsed time: 0.022337 seconds (0d 0h 0m 0s)

---------------  T H R E A D  ---------------

Current thread (0x00000220c40c5d50):  JavaThread "Unknown thread" [_thread_in_vm, id=11792, stack(0x0000007388c00000,0x0000007388d00000)]

Stack: [0x0000007388c00000,0x0000007388d00000]
Native frames: (J=compiled Java code, j=interpreted, Vv=VM code, C=native code)
V  [jvm.dll+0x6ee8fa]
V  [jvm.dll+0x857a1e]
V  [jvm.dll+0x85940e]
V  [jvm.dll+0x859ac3]
V  [jvm.dll+0x28291f]
V  [jvm.dll+0x6eb6e9]
V  [jvm.dll+0x6e028a]
V  [jvm.dll+0x357136]
V  [jvm.dll+0x35eb96]
V  [jvm.dll+0x3b555e]
V  [jvm.dll+0x3b578f]
V  [jvm.dll+0x32c6ea]
V  [jvm.dll+0x32d59e]
V  [jvm.dll+0x821b20]
V  [jvm.dll+0x3c27c1]
V  [jvm.dll+0x8022f1]
V  [jvm.dll+0x44b30f]
V  [jvm.dll+0x44cc91]
C  [jli.dll+0x5287]
C  [ucrtbase.dll+0x29363]
C  [KERNEL32.DLL+0x126bd]
C  [ntdll.dll+0x5dfb8]


---------------  P R O C E S S  ---------------

Threads class SMR info:
_java_thread_list=0x00007ff9b833d048, length=0, elements={
}

Java Threads: ( => current thread )

Other Threads:
  0x00000220c4126d70 WorkerThread "GC Thread#0" [stack: 0x0000007388d00000,0x0000007388e00000] [id=13824]
  0x00000220c41376e0 ConcurrentGCThread "G1 Main Marker" [stack: 0x0000007388e00000,0x0000007388f00000] [id=21916]
  0x00000220c4138320 WorkerThread "G1 Conc#0" [stack: 0x0000007388f00000,0x0000007389000000] [id=35036]

[error occurred during error reporting (printing all threads), id 0xc0000005, EXCEPTION_ACCESS_VIOLATION (0xc0000005) at pc=0x00007ff9b7afd127]

VM state: not at safepoint (not fully initialized)

VM Mutex/Monitor currently owned by a thread:  ([mutex/lock_event])
[0x00000220c40c2f80] Heap_lock - owner thread: 0x00000220c40c5d50

Heap address: 0x0000000082800000, size: 2008 MB, Compressed Oops mode: 32-bit

CDS archive(s) mapped at: [0x0000000000000000-0x0000000000000000-0x0000000000000000), size 0, SharedBaseAddress: 0x0000000800000000, ArchiveRelocationMode: 0.
Narrow klass base: 0x0000000000000000, Narrow klass shift: 0, Narrow klass range: 0x0

GC Precious Log:
 CardTable entry size: 512
 Card Set container configuration: InlinePtr #cards 5 size 8 Array Of Cards #cards 12 size 40 Howl #buckets 4 coarsen threshold 1843 Howl Bitmap #cards 512 size 80 coarsen threshold 460 Card regions per heap region 1 cards per card region 2048

Heap:
 garbage-first heap   total 0K, used 0K [0x0000000082800000, 0x0000000100000000)
  region size 1024K, 0 young (0K), 0 survivors (0K)

[error occurred during error reporting (printing heap information), id 0xc0000005, EXCEPTION_ACCESS_VIOLATION (0xc0000005) at pc=0x00007ff9b7f06959]

GC Heap History (0 events):
No events

Dll operation events (1 events):
Event: 0.008 Loaded shared library C:\Program Files\Java\jdk-19\bin\java.dll

Deoptimization events (0 events):
No events

Classes loaded (0 events):
No events

Classes unloaded (0 events):
No events

Classes redefined (0 events):
No events

Internal exceptions (0 events):
No events

VM Operations (0 events):
No events

Events (0 events):
No events


Dynamic libraries:
0x00007ff6f77a0000 - 0x00007ff6f77b0000 	C:\Program Files\Java\jdk-19\bin\java.exe
0x00007ffa25f30000 - 0x00007ffa26144000 	C:\WINDOWS\SYSTEM32\ntdll.dll
0x00007ffa24d80000 - 0x00007ffa24e43000 	C:\WINDOWS\System32\KERNEL32.DLL
0x00007ffa23480000 - 0x00007ffa2381d000 	C:\WINDOWS\System32\KERNELBASE.dll
0x00007ffa23820000 - 0x00007ffa23931000 	C:\WINDOWS\System32\ucrtbase.dll
0x00007ffa10560000 - 0x00007ffa10578000 	C:\Program Files\Java\jdk-19\bin\jli.dll
0x00007ffa093f0000 - 0x00007ffa0940b000 	C:\Program Files\Java\jdk-19\bin\VCRUNTIME140.dll
0x00007ffa252b0000 - 0x00007ffa2535e000 	C:\WINDOWS\System32\ADVAPI32.dll
0x00007ffa25600000 - 0x00007ffa256a7000 	C:\WINDOWS\System32\msvcrt.dll
0x00007ffa24e60000 - 0x00007ffa24f04000 	C:\WINDOWS\System32\sechost.dll
0x00007ffa240f0000 - 0x00007ffa24205000 	C:\WINDOWS\System32\RPCRT4.dll
0x00007ffa25360000 - 0x00007ffa2550d000 	C:\WINDOWS\System32\USER32.dll
0x00007ffa23390000 - 0x00007ffa233b6000 	C:\WINDOWS\System32\win32u.dll
0x00007ffa0c700000 - 0x00007ffa0c98e000 	C:\WINDOWS\WinSxS\amd64_microsoft.windows.common-controls_6595b64144ccf1df_6.0.22621.608_none_a9444ca7c10bb01d\COMCTL32.dll
0x00007ffa255d0000 - 0x00007ffa255f9000 	C:\WINDOWS\System32\GDI32.dll
0x00007ffa23940000 - 0x00007ffa23a52000 	C:\WINDOWS\System32\gdi32full.dll
0x00007ffa23c50000 - 0x00007ffa23cea000 	C:\WINDOWS\System32\msvcp_win.dll
0x00007ffa1c6d0000 - 0x00007ffa1c6da000 	C:\WINDOWS\SYSTEM32\VERSION.dll
0x00007ffa25510000 - 0x00007ffa25542000 	C:\WINDOWS\System32\IMM32.DLL
0x00007ffa1ddf0000 - 0x00007ffa1ddfc000 	C:\Program Files\Java\jdk-19\bin\vcruntime140_1.dll
0x00007ff9e95d0000 - 0x00007ff9e965e000 	C:\Program Files\Java\jdk-19\bin\msvcp140.dll
0x00007ff9b77c0000 - 0x00007ff9b8480000 	C:\Program Files\Java\jdk-19\bin\server\jvm.dll
0x00007ffa10c30000 - 0x00007ffa10c39000 	C:\WINDOWS\SYSTEM32\WSOCK32.dll
0x00007ffa1d3a0000 - 0x00007ffa1d3d4000 	C:\WINDOWS\SYSTEM32\WINMM.dll
0x00007ffa24d00000 - 0x00007ffa24d71000 	C:\WINDOWS\System32\WS2_32.dll
0x00007ffa22460000 - 0x00007ffa22478000 	C:\WINDOWS\SYSTEM32\kernel.appcore.dll
0x00007ffa1c870000 - 0x00007ffa1c87a000 	C:\Program Files\Java\jdk-19\bin\jimage.dll
0x00007ffa20d00000 - 0x00007ffa20f2e000 	C:\WINDOWS\SYSTEM32\DBGHELP.DLL
0x00007ffa24f10000 - 0x00007ffa2529a000 	C:\WINDOWS\System32\combase.dll
0x00007ffa248b0000 - 0x00007ffa24987000 	C:\WINDOWS\System32\OLEAUT32.dll
0x00007ffa0af30000 - 0x00007ffa0af62000 	C:\WINDOWS\SYSTEM32\dbgcore.DLL
0x00007ffa23a60000 - 0x00007ffa23adb000 	C:\WINDOWS\System32\bcryptPrimitives.dll
0x00007ffa09300000 - 0x00007ffa09326000 	C:\Program Files\Java\jdk-19\bin\java.dll

dbghelp: loaded successfully - version: 4.0.5 - missing functions: none
symbol engine: initialized successfully - sym options: 0x614 - pdb path: .;C:\Program Files\Java\jdk-19\bin;C:\WINDOWS\SYSTEM32;C:\WINDOWS\WinSxS\amd64_microsoft.windows.common-controls_6595b64144ccf1df_6.0.22621.608_none_a9444ca7c10bb01d;C:\Program Files\Java\jdk-19\bin\server

VM Arguments:
jvm_args: --enable-preview -XX:+ShowCodeDetailsInExceptionMessages 
java_command: pinchange
java_class_path (initial): C:\Users\smart\AppData\Roaming\Code\User\workspaceStorage\62d29ed5718293ff8c2579277431bf4e\redhat.java\jdt_ws\package_2d653396\bin
Launcher Type: SUN_STANDARD

[Global flags]
     intx CICompilerCount                          = 4                                         {product} {ergonomic}
     uint ConcGCThreads                            = 2                                         {product} {ergonomic}
     uint G1ConcRefinementThreads                  = 8                                         {product} {ergonomic}
   size_t G1HeapRegionSize                         = 1048576                                   {product} {ergonomic}
    uintx GCDrainStackTargetSize                   = 64                                        {product} {ergonomic}
   size_t InitialHeapSize                          = 132120576                                 {product} {ergonomic}
   size_t MarkStackSize                            = 4194304                                   {product} {ergonomic}
   size_t MaxHeapSize                              = 2105540608                                {product} {ergonomic}
   size_t MinHeapDeltaBytes                        = 1048576                                   {product} {ergonomic}
   size_t MinHeapSize                              = 8388608                                   {product} {ergonomic}
    uintx NonNMethodCodeHeapSize                   = 5839372                                {pd product} {ergonomic}
    uintx NonProfiledCodeHeapSize                  = 122909434                              {pd product} {ergonomic}
    uintx ProfiledCodeHeapSize                     = 122909434                              {pd product} {ergonomic}
    uintx ReservedCodeCacheSize                    = 251658240                              {pd product} {ergonomic}
     bool SegmentedCodeCache                       = true                                      {product} {ergonomic}
     bool ShowCodeDetailsInExceptionMessages       = true                                   {manageable} {command line}
   size_t SoftMaxHeapSize                          = 2105540608                             {manageable} {ergonomic}
     bool UseCompressedClassPointers               = true                           {product lp64_product} {ergonomic}
     bool UseCompressedOops                        = true                           {product lp64_product} {ergonomic}
     bool UseG1GC                                  = true                                      {product} {ergonomic}
     bool UseLargePagesIndividualAllocation        = false                                  {pd product} {ergonomic}

Logging:
Log output configuration:
 #0: stdout all=warning uptime,level,tags foldmultilines=false
 #1: stderr all=off uptime,level,tags foldmultilines=false

Environment Variables:
PATH=C:\Program Files\Common Files\Oracle\Java\javapath;C:\Windows\system32;C:\Windows;C:\Windows\System32\Wbem;C:\Windows\System32\WindowsPowerShell\v1.0\;C:\Windows\System32\OpenSSH\;C:\Program Files (x86)\NVIDIA Corporation\PhysX\Common;C:\Program Files\NVIDIA Corporation\NVIDIA NvDLISR;C:\WINDOWS\system32;C:\WINDOWS;C:\WINDOWS\System32\Wbem;C:\WINDOWS\System32\WindowsPowerShell\v1.0\;C:\WINDOWS\System32\OpenSSH\;C:\Program Files\PuTTY\;C:\Users\smart\AppData\Local\Microsoft\WindowsApps;C:\Users\smart\AppData\Local\Programs\Microsoft VS Code\bin;C:\Program Files\JetBrains\IntelliJ IDEA Community Edition 2022.3.2\bin;;C:\Program Files\Java\jdk-19\lib\mysql-connector.jar;
USERNAME=smart
LANG=en_US.UTF-8
OS=Windows_NT
PROCESSOR_IDENTIFIER=Intel64 Family 6 Model 165 Stepping 2, GenuineIntel
TMP=C:\Users\smart\AppData\Local\Temp
TEMP=C:\Users\smart\AppData\Local\Temp



---------------  S Y S T E M  ---------------

OS:
 Windows 11 , 64 bit Build 22621 (10.0.22621.1105)
OS uptime: 0 days 9:36 hours

CPU: total 8 (initial active 8) (4 cores per cpu, 2 threads per core) family 6 model 165 stepping 2 microcode 0xe0, cx8, cmov, fxsr, ht, mmx, 3dnowpref, sse, sse2, sse3, ssse3, sse4.1, sse4.2, popcnt, lzcnt, tsc, tscinvbit, avx, avx2, aes, erms, clmul, bmi1, bmi2, adx, fma, vzeroupper, clflush, clflushopt, rdtscp

Memory: 4k page, system-wide physical 8029M (432M free)
TotalPageFile size 32605M (AvailPageFile size 114M)
current process WorkingSet (physical memory assigned to process): 11M, peak: 11M
current process commit charge ("private bytes"): 60M, peak: 186M

vm_info: Java HotSpot(TM) 64-Bit Server VM (19.0.1+10-21) for windows-amd64 JRE (19.0.1+10-21), built on 2022-09-14T12:45:06Z by "mach5one" with MS VC++ 17.1 (VS2022)

END.
