#
# There is insufficient memory for the Java Runtime Environment to continue.
# Native memory allocation (mmap) failed to map 65536 bytes for Failed to commit metaspace.
# Possible reasons:
#   The system is out of physical RAM or swap space
#   The process is running with CompressedOops enabled, and the Java Heap may be blocking the growth of the native heap
# Possible solutions:
#   Reduce memory load on the system
#   Increase physical memory or swap space
#   Check if swap backing store is full
#   Decrease Java heap size (-Xmx/-Xms)
#   Decrease number of Java threads
#   Decrease Java thread stack sizes (-Xss)
#   Set larger code cache with -XX:ReservedCodeCacheSize=
#   JVM is running with Unscaled Compressed Oops mode in which the Java heap is
#     placed in the first 4GB address space. The Java Heap base address is the
#     maximum limit for the native heap growth. Please use -XX:HeapBaseMinAddress
#     to set the Java Heap base and to place the Java Heap above 4GB virtual address.
# This output file may be truncated or incomplete.
#
#  Out of Memory Error (virtualSpaceNode.cpp:110), pid=30188, tid=24340
#
# JRE version: Java(TM) SE Runtime Environment (19.0.1+10) (build 19.0.1+10-21)
# Java VM: Java HotSpot(TM) 64-Bit Server VM (19.0.1+10-21, mixed mode, sharing, tiered, compressed oops, compressed class ptrs, g1 gc, windows-amd64)
# No core dump will be written. Minidumps are not enabled by default on client versions of Windows
#

---------------  S U M M A R Y ------------

Command Line: --enable-preview -XX:+ShowCodeDetailsInExceptionMessages transactions

Host: Intel(R) Core(TM) i5-10200H CPU @ 2.40GHz, 8 cores, 7G,  Windows 11 , 64 bit Build 22621 (10.0.22621.1105)
Time: Wed Mar 29 22:54:27 2023 India Standard Time elapsed time: 0.212939 seconds (0d 0h 0m 0s)

---------------  T H R E A D  ---------------

Current thread (0x0000024691e3d0c0):  JavaThread "main" [_thread_in_vm, id=24340, stack(0x000000c839600000,0x000000c839700000)]

Stack: [0x000000c839600000,0x000000c839700000]
Native frames: (J=compiled Java code, j=interpreted, Vv=VM code, C=native code)
V  [jvm.dll+0x6ee8fa]
V  [jvm.dll+0x857a1e]
V  [jvm.dll+0x85940e]
V  [jvm.dll+0x859ac3]
V  [jvm.dll+0x28291f]
V  [jvm.dll+0x85369b]
V  [jvm.dll+0x693276]
V  [jvm.dll+0x6932da]
V  [jvm.dll+0x695bd3]
V  [jvm.dll+0x695a9e]
V  [jvm.dll+0x693c9e]
V  [jvm.dll+0x69e347]
V  [jvm.dll+0x21df42]
V  [jvm.dll+0x21e475]
V  [jvm.dll+0x21edd1]
V  [jvm.dll+0x214571]
V  [jvm.dll+0x5aa2d6]
V  [jvm.dll+0x22567a]
V  [jvm.dll+0x7ccb72]
V  [jvm.dll+0x7cdfba]
V  [jvm.dll+0x7ce73d]
V  [jvm.dll+0x21f1e5]
V  [jvm.dll+0x21458a]
V  [jvm.dll+0x5aa2d6]
V  [jvm.dll+0x22567a]
V  [jvm.dll+0x7ccb72]
V  [jvm.dll+0x7cdfba]
V  [jvm.dll+0x7ce73d]
V  [jvm.dll+0x21f1e5]
V  [jvm.dll+0x21458a]
V  [jvm.dll+0x5aa2d6]
V  [jvm.dll+0x22567a]
V  [jvm.dll+0x7ccb72]
V  [jvm.dll+0x7cdfba]
V  [jvm.dll+0x7ce73d]
V  [jvm.dll+0x21f1e5]
V  [jvm.dll+0x21458a]
V  [jvm.dll+0x5aa2d6]
V  [jvm.dll+0x22567a]
V  [jvm.dll+0x7ccb72]
V  [jvm.dll+0x7cdfba]
V  [jvm.dll+0x7ce73d]
V  [jvm.dll+0x21f1e5]
V  [jvm.dll+0x21458a]
V  [jvm.dll+0x5aa2d6]
V  [jvm.dll+0x22567a]
V  [jvm.dll+0x7ccb72]
V  [jvm.dll+0x7cdfba]
V  [jvm.dll+0x471656]
C  [java.dll+0x1a55]

Java frames: (J=compiled Java code, j=interpreted, Vv=VM code)
j  java.lang.ClassLoader.findBootstrapClass(Ljava/lang/String;)Ljava/lang/Class;+0 java.base@19.0.1
j  java.lang.ClassLoader.findBootstrapClassOrNull(Ljava/lang/String;)Ljava/lang/Class;+10 java.base@19.0.1
j  java.lang.System$2.findBootstrapClassOrNull(Ljava/lang/String;)Ljava/lang/Class;+1 java.base@19.0.1
j  jdk.internal.loader.ClassLoaders$BootClassLoader.loadClassOrNull(Ljava/lang/String;Z)Ljava/lang/Class;+4 java.base@19.0.1
j  jdk.internal.loader.BuiltinClassLoader.loadClassOrNull(Ljava/lang/String;)Ljava/lang/Class;+3 java.base@19.0.1
j  jdk.internal.loader.BuiltinClassLoader.loadClassOrNull(Ljava/lang/String;Z)Ljava/lang/Class;+66 java.base@19.0.1
j  jdk.internal.loader.BuiltinClassLoader.loadClass(Ljava/lang/String;Z)Ljava/lang/Class;+3 java.base@19.0.1
j  jdk.internal.loader.ClassLoaders$AppClassLoader.loadClass(Ljava/lang/String;Z)Ljava/lang/Class;+36 java.base@19.0.1
j  java.lang.ClassLoader.loadClass(Ljava/lang/String;)Ljava/lang/Class;+3 java.base@19.0.1
v  ~StubRoutines::call_stub 0x00000246a12d100e
j  transactions.main([Ljava/lang/String;)V+0
v  ~StubRoutines::call_stub 0x00000246a12d100e

---------------  P R O C E S S  ---------------

Threads class SMR info:
_java_thread_list=0x00000246b48f0fe0, length=12, elements={
0x0000024691e3d0c0, 0x00000246b05850c0, 0x00000246b0585d90, 0x00000246b0590d40,
0x00000246b058d820, 0x00000246b05907f0, 0x00000246b058dd70, 0x00000246b0595320,
0x00000246b05a4c20, 0x00000246b058f800, 0x00000246b058e2c0, 0x00000246b058e810
}

Java Threads: ( => current thread )
=>0x0000024691e3d0c0 JavaThread "main" [_thread_in_vm, id=24340, stack(0x000000c839600000,0x000000c839700000)]
  0x00000246b05850c0 JavaThread "Reference Handler" daemon [_thread_blocked, id=36092, stack(0x000000c839d00000,0x000000c839e00000)]
  0x00000246b0585d90 JavaThread "Finalizer" daemon [_thread_blocked, id=32396, stack(0x000000c839e00000,0x000000c839f00000)]
  0x00000246b0590d40 JavaThread "Signal Dispatcher" daemon [_thread_blocked, id=11336, stack(0x000000c839f00000,0x000000c83a000000)]
  0x00000246b058d820 JavaThread "Attach Listener" daemon [_thread_blocked, id=19892, stack(0x000000c83a000000,0x000000c83a100000)]
  0x00000246b05907f0 JavaThread "Service Thread" daemon [_thread_blocked, id=35484, stack(0x000000c83a100000,0x000000c83a200000)]
  0x00000246b058dd70 JavaThread "Monitor Deflation Thread" daemon [_thread_blocked, id=36496, stack(0x000000c83a200000,0x000000c83a300000)]
  0x00000246b0595320 JavaThread "C2 CompilerThread0" daemon [_thread_blocked, id=32912, stack(0x000000c83a300000,0x000000c83a400000)]
  0x00000246b05a4c20 JavaThread "C1 CompilerThread0" daemon [_thread_blocked, id=32348, stack(0x000000c83a400000,0x000000c83a500000)]
  0x00000246b058f800 JavaThread "Sweeper thread" daemon [_thread_blocked, id=28248, stack(0x000000c83a500000,0x000000c83a600000)]
  0x00000246b058e2c0 JavaThread "Notification Thread" daemon [_thread_blocked, id=28872, stack(0x000000c83a600000,0x000000c83a700000)]
  0x00000246b058e810 JavaThread "Common-Cleaner" daemon [_thread_blocked, id=22192, stack(0x000000c83a800000,0x000000c83a900000)]

Other Threads:
  0x00000246b056a340 VMThread "VM Thread" [stack: 0x000000c839c00000,0x000000c839d00000] [id=22400]
  0x00000246b4913e40 WatcherThread "VM Periodic Task Thread" [stack: 0x000000c83a700000,0x000000c83a800000] [id=16124]
  0x0000024691e9bc70 WorkerThread "GC Thread#0" [stack: 0x000000c839700000,0x000000c839800000] [id=12140]
  0x0000024691eac8e0 ConcurrentGCThread "G1 Main Marker" [stack: 0x000000c839800000,0x000000c839900000] [id=25404]
  0x0000024691ead9d0 WorkerThread "G1 Conc#0" [stack: 0x000000c839900000,0x000000c839a00000] [id=35304]
  0x00000246b0422150 ConcurrentGCThread "G1 Refine#0" [stack: 0x000000c839a00000,0x000000c839b00000] [id=36756]
  0x00000246b0423a50 ConcurrentGCThread "G1 Service" [stack: 0x000000c839b00000,0x000000c839c00000] [id=3564]

Threads with active compile tasks:

VM state: not at safepoint (normal execution)

VM Mutex/Monitor currently owned by a thread:  ([mutex/lock_event])
[0x0000024691e37d20] Metaspace_lock - owner thread: 0x0000024691e3d0c0

Heap address: 0x0000000082800000, size: 2008 MB, Compressed Oops mode: 32-bit

CDS archive(s) mapped at: [0x0000000800000000-0x0000000800c40000-0x0000000800c40000), size 12845056, SharedBaseAddress: 0x0000000800000000, ArchiveRelocationMode: 0.
Compressed class space mapped at: 0x0000000801000000-0x0000000841000000, reserved size: 1073741824
Narrow klass base: 0x0000000800000000, Narrow klass shift: 0, Narrow klass range: 0x100000000

GC Precious Log:
 CardTable entry size: 512
 Card Set container configuration: InlinePtr #cards 5 size 8 Array Of Cards #cards 12 size 40 Howl #buckets 4 coarsen threshold 1843 Howl Bitmap #cards 512 size 80 coarsen threshold 460 Card regions per heap region 1 cards per card region 2048
 CPUs: 8 total, 8 available
 Memory: 8029M
 Large Page Support: Disabled
 NUMA Support: Disabled
 Compressed Oops: Enabled (32-bit)
 Heap Region Size: 1M
 Heap Min Capacity: 8M
 Heap Initial Capacity: 126M
 Heap Max Capacity: 2008M
 Pre-touch: Disabled
 Parallel Workers: 8
 Concurrent Workers: 2
 Concurrent Refinement Workers: 8
 Periodic GC: Disabled

Heap:
 garbage-first heap   total 129024K, used 1024K [0x0000000082800000, 0x0000000100000000)
  region size 1024K, 2 young (2048K), 0 survivors (0K)
 Metaspace       used 393K, committed 576K, reserved 1114112K
  class space    used 7K, committed 128K, reserved 1048576K

Heap Regions: E=young(eden), S=young(survivor), O=old, HS=humongous(starts), HC=humongous(continues), CS=collection set, F=free, OA=open archive, CA=closed archive, TAMS=top-at-mark-start (previous, next)
|   0|0x0000000082800000, 0x0000000082800000, 0x0000000082900000|  0%| F|  |TAMS 0x0000000082800000, 0x0000000082800000| Untracked 
|   1|0x0000000082900000, 0x0000000082900000, 0x0000000082a00000|  0%| F|  |TAMS 0x0000000082900000, 0x0000000082900000| Untracked 
|   2|0x0000000082a00000, 0x0000000082a00000, 0x0000000082b00000|  0%| F|  |TAMS 0x0000000082a00000, 0x0000000082a00000| Untracked 
|   3|0x0000000082b00000, 0x0000000082b00000, 0x0000000082c00000|  0%| F|  |TAMS 0x0000000082b00000, 0x0000000082b00000| Untracked 
|   4|0x0000000082c00000, 0x0000000082c00000, 0x0000000082d00000|  0%| F|  |TAMS 0x0000000082c00000, 0x0000000082c00000| Untracked 
|   5|0x0000000082d00000, 0x0000000082d00000, 0x0000000082e00000|  0%| F|  |TAMS 0x0000000082d00000, 0x0000000082d00000| Untracked 
|   6|0x0000000082e00000, 0x0000000082e00000, 0x0000000082f00000|  0%| F|  |TAMS 0x0000000082e00000, 0x0000000082e00000| Untracked 
|   7|0x0000000082f00000, 0x0000000082f00000, 0x0000000083000000|  0%| F|  |TAMS 0x0000000082f00000, 0x0000000082f00000| Untracked 
|   8|0x0000000083000000, 0x0000000083000000, 0x0000000083100000|  0%| F|  |TAMS 0x0000000083000000, 0x0000000083000000| Untracked 
|   9|0x0000000083100000, 0x0000000083100000, 0x0000000083200000|  0%| F|  |TAMS 0x0000000083100000, 0x0000000083100000| Untracked 
|  10|0x0000000083200000, 0x0000000083200000, 0x0000000083300000|  0%| F|  |TAMS 0x0000000083200000, 0x0000000083200000| Untracked 
|  11|0x0000000083300000, 0x0000000083300000, 0x0000000083400000|  0%| F|  |TAMS 0x0000000083300000, 0x0000000083300000| Untracked 
|  12|0x0000000083400000, 0x0000000083400000, 0x0000000083500000|  0%| F|  |TAMS 0x0000000083400000, 0x0000000083400000| Untracked 
|  13|0x0000000083500000, 0x0000000083500000, 0x0000000083600000|  0%| F|  |TAMS 0x0000000083500000, 0x0000000083500000| Untracked 
|  14|0x0000000083600000, 0x0000000083600000, 0x0000000083700000|  0%| F|  |TAMS 0x0000000083600000, 0x0000000083600000| Untracked 
|  15|0x0000000083700000, 0x0000000083700000, 0x0000000083800000|  0%| F|  |TAMS 0x0000000083700000, 0x0000000083700000| Untracked 
|  16|0x0000000083800000, 0x0000000083800000, 0x0000000083900000|  0%| F|  |TAMS 0x0000000083800000, 0x0000000083800000| Untracked 
|  17|0x0000000083900000, 0x0000000083900000, 0x0000000083a00000|  0%| F|  |TAMS 0x0000000083900000, 0x0000000083900000| Untracked 
|  18|0x0000000083a00000, 0x0000000083a00000, 0x0000000083b00000|  0%| F|  |TAMS 0x0000000083a00000, 0x0000000083a00000| Untracked 
|  19|0x0000000083b00000, 0x0000000083b00000, 0x0000000083c00000|  0%| F|  |TAMS 0x0000000083b00000, 0x0000000083b00000| Untracked 
|  20|0x0000000083c00000, 0x0000000083c00000, 0x0000000083d00000|  0%| F|  |TAMS 0x0000000083c00000, 0x0000000083c00000| Untracked 
|  21|0x0000000083d00000, 0x0000000083d00000, 0x0000000083e00000|  0%| F|  |TAMS 0x0000000083d00000, 0x0000000083d00000| Untracked 
|  22|0x0000000083e00000, 0x0000000083e00000, 0x0000000083f00000|  0%| F|  |TAMS 0x0000000083e00000, 0x0000000083e00000| Untracked 
|  23|0x0000000083f00000, 0x0000000083f00000, 0x0000000084000000|  0%| F|  |TAMS 0x0000000083f00000, 0x0000000083f00000| Untracked 
|  24|0x0000000084000000, 0x0000000084000000, 0x0000000084100000|  0%| F|  |TAMS 0x0000000084000000, 0x0000000084000000| Untracked 
|  25|0x0000000084100000, 0x0000000084100000, 0x0000000084200000|  0%| F|  |TAMS 0x0000000084100000, 0x0000000084100000| Untracked 
|  26|0x0000000084200000, 0x0000000084200000, 0x0000000084300000|  0%| F|  |TAMS 0x0000000084200000, 0x0000000084200000| Untracked 
|  27|0x0000000084300000, 0x0000000084300000, 0x0000000084400000|  0%| F|  |TAMS 0x0000000084300000, 0x0000000084300000| Untracked 
|  28|0x0000000084400000, 0x0000000084400000, 0x0000000084500000|  0%| F|  |TAMS 0x0000000084400000, 0x0000000084400000| Untracked 
|  29|0x0000000084500000, 0x0000000084500000, 0x0000000084600000|  0%| F|  |TAMS 0x0000000084500000, 0x0000000084500000| Untracked 
|  30|0x0000000084600000, 0x0000000084600000, 0x0000000084700000|  0%| F|  |TAMS 0x0000000084600000, 0x0000000084600000| Untracked 
|  31|0x0000000084700000, 0x0000000084700000, 0x0000000084800000|  0%| F|  |TAMS 0x0000000084700000, 0x0000000084700000| Untracked 
|  32|0x0000000084800000, 0x0000000084800000, 0x0000000084900000|  0%| F|  |TAMS 0x0000000084800000, 0x0000000084800000| Untracked 
|  33|0x0000000084900000, 0x0000000084900000, 0x0000000084a00000|  0%| F|  |TAMS 0x0000000084900000, 0x0000000084900000| Untracked 
|  34|0x0000000084a00000, 0x0000000084a00000, 0x0000000084b00000|  0%| F|  |TAMS 0x0000000084a00000, 0x0000000084a00000| Untracked 
|  35|0x0000000084b00000, 0x0000000084b00000, 0x0000000084c00000|  0%| F|  |TAMS 0x0000000084b00000, 0x0000000084b00000| Untracked 
|  36|0x0000000084c00000, 0x0000000084c00000, 0x0000000084d00000|  0%| F|  |TAMS 0x0000000084c00000, 0x0000000084c00000| Untracked 
|  37|0x0000000084d00000, 0x0000000084d00000, 0x0000000084e00000|  0%| F|  |TAMS 0x0000000084d00000, 0x0000000084d00000| Untracked 
|  38|0x0000000084e00000, 0x0000000084e00000, 0x0000000084f00000|  0%| F|  |TAMS 0x0000000084e00000, 0x0000000084e00000| Untracked 
|  39|0x0000000084f00000, 0x0000000084f00000, 0x0000000085000000|  0%| F|  |TAMS 0x0000000084f00000, 0x0000000084f00000| Untracked 
|  40|0x0000000085000000, 0x0000000085000000, 0x0000000085100000|  0%| F|  |TAMS 0x0000000085000000, 0x0000000085000000| Untracked 
|  41|0x0000000085100000, 0x0000000085100000, 0x0000000085200000|  0%| F|  |TAMS 0x0000000085100000, 0x0000000085100000| Untracked 
|  42|0x0000000085200000, 0x0000000085200000, 0x0000000085300000|  0%| F|  |TAMS 0x0000000085200000, 0x0000000085200000| Untracked 
|  43|0x0000000085300000, 0x0000000085300000, 0x0000000085400000|  0%| F|  |TAMS 0x0000000085300000, 0x0000000085300000| Untracked 
|  44|0x0000000085400000, 0x0000000085400000, 0x0000000085500000|  0%| F|  |TAMS 0x0000000085400000, 0x0000000085400000| Untracked 
|  45|0x0000000085500000, 0x0000000085500000, 0x0000000085600000|  0%| F|  |TAMS 0x0000000085500000, 0x0000000085500000| Untracked 
|  46|0x0000000085600000, 0x0000000085600000, 0x0000000085700000|  0%| F|  |TAMS 0x0000000085600000, 0x0000000085600000| Untracked 
|  47|0x0000000085700000, 0x0000000085700000, 0x0000000085800000|  0%| F|  |TAMS 0x0000000085700000, 0x0000000085700000| Untracked 
|  48|0x0000000085800000, 0x0000000085800000, 0x0000000085900000|  0%| F|  |TAMS 0x0000000085800000, 0x0000000085800000| Untracked 
|  49|0x0000000085900000, 0x0000000085900000, 0x0000000085a00000|  0%| F|  |TAMS 0x0000000085900000, 0x0000000085900000| Untracked 
|  50|0x0000000085a00000, 0x0000000085a00000, 0x0000000085b00000|  0%| F|  |TAMS 0x0000000085a00000, 0x0000000085a00000| Untracked 
|  51|0x0000000085b00000, 0x0000000085b00000, 0x0000000085c00000|  0%| F|  |TAMS 0x0000000085b00000, 0x0000000085b00000| Untracked 
|  52|0x0000000085c00000, 0x0000000085c00000, 0x0000000085d00000|  0%| F|  |TAMS 0x0000000085c00000, 0x0000000085c00000| Untracked 
|  53|0x0000000085d00000, 0x0000000085d00000, 0x0000000085e00000|  0%| F|  |TAMS 0x0000000085d00000, 0x0000000085d00000| Untracked 
|  54|0x0000000085e00000, 0x0000000085e00000, 0x0000000085f00000|  0%| F|  |TAMS 0x0000000085e00000, 0x0000000085e00000| Untracked 
|  55|0x0000000085f00000, 0x0000000085f00000, 0x0000000086000000|  0%| F|  |TAMS 0x0000000085f00000, 0x0000000085f00000| Untracked 
|  56|0x0000000086000000, 0x0000000086000000, 0x0000000086100000|  0%| F|  |TAMS 0x0000000086000000, 0x0000000086000000| Untracked 
|  57|0x0000000086100000, 0x0000000086100000, 0x0000000086200000|  0%| F|  |TAMS 0x0000000086100000, 0x0000000086100000| Untracked 
|  58|0x0000000086200000, 0x0000000086200000, 0x0000000086300000|  0%| F|  |TAMS 0x0000000086200000, 0x0000000086200000| Untracked 
|  59|0x0000000086300000, 0x0000000086300000, 0x0000000086400000|  0%| F|  |TAMS 0x0000000086300000, 0x0000000086300000| Untracked 
|  60|0x0000000086400000, 0x0000000086400000, 0x0000000086500000|  0%| F|  |TAMS 0x0000000086400000, 0x0000000086400000| Untracked 
|  61|0x0000000086500000, 0x0000000086500000, 0x0000000086600000|  0%| F|  |TAMS 0x0000000086500000, 0x0000000086500000| Untracked 
|  62|0x0000000086600000, 0x0000000086600000, 0x0000000086700000|  0%| F|  |TAMS 0x0000000086600000, 0x0000000086600000| Untracked 
|  63|0x0000000086700000, 0x0000000086700000, 0x0000000086800000|  0%| F|  |TAMS 0x0000000086700000, 0x0000000086700000| Untracked 
|  64|0x0000000086800000, 0x0000000086800000, 0x0000000086900000|  0%| F|  |TAMS 0x0000000086800000, 0x0000000086800000| Untracked 
|  65|0x0000000086900000, 0x0000000086900000, 0x0000000086a00000|  0%| F|  |TAMS 0x0000000086900000, 0x0000000086900000| Untracked 
|  66|0x0000000086a00000, 0x0000000086a00000, 0x0000000086b00000|  0%| F|  |TAMS 0x0000000086a00000, 0x0000000086a00000| Untracked 
|  67|0x0000000086b00000, 0x0000000086b00000, 0x0000000086c00000|  0%| F|  |TAMS 0x0000000086b00000, 0x0000000086b00000| Untracked 
|  68|0x0000000086c00000, 0x0000000086c00000, 0x0000000086d00000|  0%| F|  |TAMS 0x0000000086c00000, 0x0000000086c00000| Untracked 
|  69|0x0000000086d00000, 0x0000000086d00000, 0x0000000086e00000|  0%| F|  |TAMS 0x0000000086d00000, 0x0000000086d00000| Untracked 
|  70|0x0000000086e00000, 0x0000000086e00000, 0x0000000086f00000|  0%| F|  |TAMS 0x0000000086e00000, 0x0000000086e00000| Untracked 
|  71|0x0000000086f00000, 0x0000000086f00000, 0x0000000087000000|  0%| F|  |TAMS 0x0000000086f00000, 0x0000000086f00000| Untracked 
|  72|0x0000000087000000, 0x0000000087000000, 0x0000000087100000|  0%| F|  |TAMS 0x0000000087000000, 0x0000000087000000| Untracked 
|  73|0x0000000087100000, 0x0000000087100000, 0x0000000087200000|  0%| F|  |TAMS 0x0000000087100000, 0x0000000087100000| Untracked 
|  74|0x0000000087200000, 0x0000000087200000, 0x0000000087300000|  0%| F|  |TAMS 0x0000000087200000, 0x0000000087200000| Untracked 
|  75|0x0000000087300000, 0x0000000087300000, 0x0000000087400000|  0%| F|  |TAMS 0x0000000087300000, 0x0000000087300000| Untracked 
|  76|0x0000000087400000, 0x0000000087400000, 0x0000000087500000|  0%| F|  |TAMS 0x0000000087400000, 0x0000000087400000| Untracked 
|  77|0x0000000087500000, 0x0000000087500000, 0x0000000087600000|  0%| F|  |TAMS 0x0000000087500000, 0x0000000087500000| Untracked 
|  78|0x0000000087600000, 0x0000000087600000, 0x0000000087700000|  0%| F|  |TAMS 0x0000000087600000, 0x0000000087600000| Untracked 
|  79|0x0000000087700000, 0x0000000087700000, 0x0000000087800000|  0%| F|  |TAMS 0x0000000087700000, 0x0000000087700000| Untracked 
|  80|0x0000000087800000, 0x0000000087800000, 0x0000000087900000|  0%| F|  |TAMS 0x0000000087800000, 0x0000000087800000| Untracked 
|  81|0x0000000087900000, 0x0000000087900000, 0x0000000087a00000|  0%| F|  |TAMS 0x0000000087900000, 0x0000000087900000| Untracked 
|  82|0x0000000087a00000, 0x0000000087a00000, 0x0000000087b00000|  0%| F|  |TAMS 0x0000000087a00000, 0x0000000087a00000| Untracked 
|  83|0x0000000087b00000, 0x0000000087b00000, 0x0000000087c00000|  0%| F|  |TAMS 0x0000000087b00000, 0x0000000087b00000| Untracked 
|  84|0x0000000087c00000, 0x0000000087c00000, 0x0000000087d00000|  0%| F|  |TAMS 0x0000000087c00000, 0x0000000087c00000| Untracked 
|  85|0x0000000087d00000, 0x0000000087d00000, 0x0000000087e00000|  0%| F|  |TAMS 0x0000000087d00000, 0x0000000087d00000| Untracked 
|  86|0x0000000087e00000, 0x0000000087e00000, 0x0000000087f00000|  0%| F|  |TAMS 0x0000000087e00000, 0x0000000087e00000| Untracked 
|  87|0x0000000087f00000, 0x0000000087f00000, 0x0000000088000000|  0%| F|  |TAMS 0x0000000087f00000, 0x0000000087f00000| Untracked 
|  88|0x0000000088000000, 0x0000000088000000, 0x0000000088100000|  0%| F|  |TAMS 0x0000000088000000, 0x0000000088000000| Untracked 
|  89|0x0000000088100000, 0x0000000088100000, 0x0000000088200000|  0%| F|  |TAMS 0x0000000088100000, 0x0000000088100000| Untracked 
|  90|0x0000000088200000, 0x0000000088200000, 0x0000000088300000|  0%| F|  |TAMS 0x0000000088200000, 0x0000000088200000| Untracked 
|  91|0x0000000088300000, 0x0000000088300000, 0x0000000088400000|  0%| F|  |TAMS 0x0000000088300000, 0x0000000088300000| Untracked 
|  92|0x0000000088400000, 0x0000000088400000, 0x0000000088500000|  0%| F|  |TAMS 0x0000000088400000, 0x0000000088400000| Untracked 
|  93|0x0000000088500000, 0x0000000088500000, 0x0000000088600000|  0%| F|  |TAMS 0x0000000088500000, 0x0000000088500000| Untracked 
|  94|0x0000000088600000, 0x0000000088600000, 0x0000000088700000|  0%| F|  |TAMS 0x0000000088600000, 0x0000000088600000| Untracked 
|  95|0x0000000088700000, 0x0000000088700000, 0x0000000088800000|  0%| F|  |TAMS 0x0000000088700000, 0x0000000088700000| Untracked 
|  96|0x0000000088800000, 0x0000000088800000, 0x0000000088900000|  0%| F|  |TAMS 0x0000000088800000, 0x0000000088800000| Untracked 
|  97|0x0000000088900000, 0x0000000088900000, 0x0000000088a00000|  0%| F|  |TAMS 0x0000000088900000, 0x0000000088900000| Untracked 
|  98|0x0000000088a00000, 0x0000000088a00000, 0x0000000088b00000|  0%| F|  |TAMS 0x0000000088a00000, 0x0000000088a00000| Untracked 
|  99|0x0000000088b00000, 0x0000000088b00000, 0x0000000088c00000|  0%| F|  |TAMS 0x0000000088b00000, 0x0000000088b00000| Untracked 
| 100|0x0000000088c00000, 0x0000000088c00000, 0x0000000088d00000|  0%| F|  |TAMS 0x0000000088c00000, 0x0000000088c00000| Untracked 
| 101|0x0000000088d00000, 0x0000000088d00000, 0x0000000088e00000|  0%| F|  |TAMS 0x0000000088d00000, 0x0000000088d00000| Untracked 
| 102|0x0000000088e00000, 0x0000000088e00000, 0x0000000088f00000|  0%| F|  |TAMS 0x0000000088e00000, 0x0000000088e00000| Untracked 
| 103|0x0000000088f00000, 0x0000000088f00000, 0x0000000089000000|  0%| F|  |TAMS 0x0000000088f00000, 0x0000000088f00000| Untracked 
| 104|0x0000000089000000, 0x0000000089000000, 0x0000000089100000|  0%| F|  |TAMS 0x0000000089000000, 0x0000000089000000| Untracked 
| 105|0x0000000089100000, 0x0000000089100000, 0x0000000089200000|  0%| F|  |TAMS 0x0000000089100000, 0x0000000089100000| Untracked 
| 106|0x0000000089200000, 0x0000000089200000, 0x0000000089300000|  0%| F|  |TAMS 0x0000000089200000, 0x0000000089200000| Untracked 
| 107|0x0000000089300000, 0x0000000089300000, 0x0000000089400000|  0%| F|  |TAMS 0x0000000089300000, 0x0000000089300000| Untracked 
| 108|0x0000000089400000, 0x0000000089400000, 0x0000000089500000|  0%| F|  |TAMS 0x0000000089400000, 0x0000000089400000| Untracked 
| 109|0x0000000089500000, 0x0000000089500000, 0x0000000089600000|  0%| F|  |TAMS 0x0000000089500000, 0x0000000089500000| Untracked 
| 110|0x0000000089600000, 0x0000000089600000, 0x0000000089700000|  0%| F|  |TAMS 0x0000000089600000, 0x0000000089600000| Untracked 
| 111|0x0000000089700000, 0x0000000089700000, 0x0000000089800000|  0%| F|  |TAMS 0x0000000089700000, 0x0000000089700000| Untracked 
| 112|0x0000000089800000, 0x0000000089800000, 0x0000000089900000|  0%| F|  |TAMS 0x0000000089800000, 0x0000000089800000| Untracked 
| 113|0x0000000089900000, 0x0000000089900000, 0x0000000089a00000|  0%| F|  |TAMS 0x0000000089900000, 0x0000000089900000| Untracked 
| 114|0x0000000089a00000, 0x0000000089a00000, 0x0000000089b00000|  0%| F|  |TAMS 0x0000000089a00000, 0x0000000089a00000| Untracked 
| 115|0x0000000089b00000, 0x0000000089b00000, 0x0000000089c00000|  0%| F|  |TAMS 0x0000000089b00000, 0x0000000089b00000| Untracked 
| 116|0x0000000089c00000, 0x0000000089c00000, 0x0000000089d00000|  0%| F|  |TAMS 0x0000000089c00000, 0x0000000089c00000| Untracked 
| 117|0x0000000089d00000, 0x0000000089d00000, 0x0000000089e00000|  0%| F|  |TAMS 0x0000000089d00000, 0x0000000089d00000| Untracked 
| 118|0x0000000089e00000, 0x0000000089e00000, 0x0000000089f00000|  0%| F|  |TAMS 0x0000000089e00000, 0x0000000089e00000| Untracked 
| 119|0x0000000089f00000, 0x0000000089f00000, 0x000000008a000000|  0%| F|  |TAMS 0x0000000089f00000, 0x0000000089f00000| Untracked 
| 120|0x000000008a000000, 0x000000008a000000, 0x000000008a100000|  0%| F|  |TAMS 0x000000008a000000, 0x000000008a000000| Untracked 
| 121|0x000000008a100000, 0x000000008a100000, 0x000000008a200000|  0%| F|  |TAMS 0x000000008a100000, 0x000000008a100000| Untracked 
| 122|0x000000008a200000, 0x000000008a200000, 0x000000008a300000|  0%| F|  |TAMS 0x000000008a200000, 0x000000008a200000| Untracked 
| 123|0x000000008a300000, 0x000000008a300000, 0x000000008a400000|  0%| F|  |TAMS 0x000000008a300000, 0x000000008a300000| Untracked 
| 124|0x000000008a400000, 0x000000008a4ec130, 0x000000008a500000| 92%| E|  |TAMS 0x000000008a400000, 0x000000008a400000| Complete 
| 125|0x000000008a500000, 0x000000008a600000, 0x000000008a600000|100%| E|CS|TAMS 0x000000008a500000, 0x000000008a500000| Complete 

Card table byte_map: [0x00000246a94c0000,0x00000246a98b0000] _byte_map_base: 0x00000246a90ac000

Marking Bits (Prev, Next): (CMBitMap*) 0x0000024691e9c1b0, (CMBitMap*) 0x0000024691e9c1f0
 Prev Bits: [0x00000246a9ca0000, 0x00000246abc00000)
 Next Bits: [0x00000246abc00000, 0x00000246adb60000)

Polling page: 0x000002468ffb0000

Metaspace:

Usage:
  Non-class:    385.40 KB used.
      Class:      7.95 KB used.
       Both:    393.34 KB used.

Virtual space:
  Non-class space:       64.00 MB reserved,     448.00 KB ( <1%) committed,  1 nodes.
      Class space:        1.00 GB reserved,     128.00 KB ( <1%) committed,  1 nodes.
             Both:        1.06 GB reserved,     576.00 KB ( <1%) committed. 

Chunk freelists:
   Non-Class:  4.00 MB
       Class:  3.75 MB
        Both:  7.74 MB

MaxMetaspaceSize: unlimited
CompressedClassSpaceSize: 1.00 GB
Initial GC threshold: 21.00 MB
Current GC threshold: 21.00 MB
CDS: on
MetaspaceReclaimPolicy: balanced
 - commit_granule_bytes: 65536.
 - commit_granule_words: 8192.
 - virtual_space_node_default_size: 8388608.
 - enlarge_chunks_in_place: 1.
 - new_chunks_are_fully_committed: 0.
 - uncommit_free_chunks: 1.
 - use_allocation_guard: 0.


Internal statistics:

num_allocs_failed_limit: 0.
num_arena_births: 4.
num_arena_deaths: 0.
num_vsnodes_births: 2.
num_vsnodes_deaths: 0.
num_space_committed: 9.
num_space_uncommitted: 0.
num_chunks_returned_to_freelist: 0.
num_chunks_taken_from_freelist: 5.
num_chunk_merges: 0.
num_chunk_splits: 2.
num_chunks_enlarged: 0.
num_inconsistent_stats: 0.

CodeHeap 'non-profiled nmethods': size=120000Kb used=13Kb max_used=13Kb free=119986Kb
 bounds [0x00000246a1870000, 0x00000246a1ae0000, 0x00000246a8da0000]
CodeHeap 'profiled nmethods': size=120000Kb used=84Kb max_used=84Kb free=119915Kb
 bounds [0x0000024699da0000, 0x000002469a010000, 0x00000246a12d0000]
CodeHeap 'non-nmethods': size=5760Kb used=1233Kb max_used=1233Kb free=4526Kb
 bounds [0x00000246a12d0000, 0x00000246a1540000, 0x00000246a1870000]
 total_blobs=364 nmethods=64 adapters=210
 compilation: enabled
              stopped_count=0, restarted_count=0
 full_count=0

Compilation events (20 events):
Event: 0.206 Thread 0x00000246b05a4c20   36       3       java.util.ImmutableCollections$SetN$SetNIterator::<init> (36 bytes)
Event: 0.207 Thread 0x00000246b05a4c20 nmethod 36 0x0000024699db3490 code [0x0000024699db3640, 0x0000024699db3858]
Event: 0.207 Thread 0x00000246b05a4c20   53       1       java.lang.module.ModuleDescriptor::isAutomatic (5 bytes)
Event: 0.207 Thread 0x00000246b05a4c20 nmethod 53 0x00000246a1872610 code [0x00000246a18727a0, 0x00000246a1872878]
Event: 0.207 Thread 0x00000246b05a4c20   34       3       jdk.internal.module.ModuleReferenceImpl::hashCode (56 bytes)
Event: 0.207 Thread 0x00000246b05a4c20 nmethod 34 0x0000024699db3990 code [0x0000024699db3b80, 0x0000024699db4028]
Event: 0.207 Thread 0x00000246b05a4c20   59       1       java.util.ImmutableCollections$Set12::isEmpty (2 bytes)
Event: 0.207 Thread 0x00000246b05a4c20 nmethod 59 0x00000246a1872910 code [0x00000246a1872aa0, 0x00000246a1872b78]
Event: 0.207 Thread 0x00000246b05a4c20   58       1       java.lang.module.ResolvedModule::configuration (5 bytes)
Event: 0.207 Thread 0x00000246b05a4c20 nmethod 58 0x00000246a1872c10 code [0x00000246a1872da0, 0x00000246a1872e78]
Event: 0.207 Thread 0x00000246b05a4c20   57       1       java.lang.module.ModuleDescriptor$Exports::targets (5 bytes)
Event: 0.207 Thread 0x00000246b05a4c20 nmethod 57 0x00000246a1872f10 code [0x00000246a18730a0, 0x00000246a1873178]
Event: 0.207 Thread 0x00000246b05a4c20   60       3       java.lang.StringUTF16::getChar (60 bytes)
Event: 0.207 Thread 0x00000246b05a4c20 nmethod 60 0x0000024699db4210 code [0x0000024699db43c0, 0x0000024699db4538]
Event: 0.207 Thread 0x00000246b05a4c20   61       3       java.lang.AbstractStringBuilder::ensureCapacityInternal (39 bytes)
Event: 0.208 Thread 0x00000246b05a4c20 nmethod 61 0x0000024699db4610 code [0x0000024699db47e0, 0x0000024699db4a38]
Event: 0.208 Thread 0x00000246b05a4c20   62       3       java.lang.StringLatin1::canEncode (13 bytes)
Event: 0.208 Thread 0x00000246b05a4c20 nmethod 62 0x0000024699db4b10 code [0x0000024699db4ca0, 0x0000024699db4df8]
Event: 0.208 Thread 0x00000246b05a4c20   63       3       java.lang.String::isEmpty (14 bytes)
Event: 0.208 Thread 0x00000246b05a4c20 nmethod 63 0x0000024699db4e90 code [0x0000024699db5040, 0x0000024699db51d8]

GC Heap History (0 events):
No events

Dll operation events (2 events):
Event: 0.007 Loaded shared library C:\Program Files\Java\jdk-19\bin\java.dll
Event: 0.184 Loaded shared library C:\Program Files\Java\jdk-19\bin\jsvml.dll

Deoptimization events (0 events):
No events

Classes loaded (20 events):
Event: 0.207 Loading class jdk/internal/loader/URLClassPath$FileLoader done
Event: 0.208 Loading class jdk/internal/loader/URLClassPath$FileLoader$1
Event: 0.208 Loading class jdk/internal/loader/URLClassPath$FileLoader$1 done
Event: 0.209 Loading class javax/swing/JFrame
Event: 0.209 Loading class javax/swing/WindowConstants
Event: 0.209 Loading class javax/swing/WindowConstants done
Event: 0.209 Loading class javax/accessibility/Accessible
Event: 0.209 Loading class javax/accessibility/Accessible done
Event: 0.209 Loading class javax/swing/RootPaneContainer
Event: 0.209 Loading class javax/swing/RootPaneContainer done
Event: 0.209 Loading class javax/swing/TransferHandler$HasGetTransferHandler
Event: 0.209 Loading class javax/swing/TransferHandler$HasGetTransferHandler done
Event: 0.209 Loading class java/awt/Frame
Event: 0.210 Loading class java/awt/MenuContainer
Event: 0.210 Loading class java/awt/MenuContainer done
Event: 0.210 Loading class java/awt/Window
Event: 0.210 Loading class java/awt/Container
Event: 0.210 Loading class java/awt/Component
Event: 0.211 Loading class java/awt/image/ImageObserver
Event: 0.211 Loading class java/awt/image/ImageObserver done

Classes unloaded (0 events):
No events

Classes redefined (0 events):
No events

Internal exceptions (0 events):
No events

VM Operations (0 events):
No events

Events (12 events):
Event: 0.185 Thread 0x0000024691e3d0c0 Thread added: 0x0000024691e3d0c0
Event: 0.194 Thread 0x00000246b05850c0 Thread added: 0x00000246b05850c0
Event: 0.195 Thread 0x00000246b0585d90 Thread added: 0x00000246b0585d90
Event: 0.195 Thread 0x00000246b0590d40 Thread added: 0x00000246b0590d40
Event: 0.195 Thread 0x00000246b058d820 Thread added: 0x00000246b058d820
Event: 0.195 Thread 0x00000246b05907f0 Thread added: 0x00000246b05907f0
Event: 0.195 Thread 0x00000246b058dd70 Thread added: 0x00000246b058dd70
Event: 0.195 Thread 0x00000246b0595320 Thread added: 0x00000246b0595320
Event: 0.195 Thread 0x00000246b05a4c20 Thread added: 0x00000246b05a4c20
Event: 0.195 Thread 0x00000246b058f800 Thread added: 0x00000246b058f800
Event: 0.206 Thread 0x00000246b058e2c0 Thread added: 0x00000246b058e2c0
Event: 0.209 Thread 0x00000246b058e810 Thread added: 0x00000246b058e810


Dynamic libraries:
0x00007ff6f77a0000 - 0x00007ff6f77b0000 	C:\Program Files\Java\jdk-19\bin\java.exe
0x00007ffa25f30000 - 0x00007ffa26144000 	C:\WINDOWS\SYSTEM32\ntdll.dll
0x00007ffa24d80000 - 0x00007ffa24e43000 	C:\WINDOWS\System32\KERNEL32.DLL
0x00007ffa23480000 - 0x00007ffa2381d000 	C:\WINDOWS\System32\KERNELBASE.dll
0x00007ffa23820000 - 0x00007ffa23931000 	C:\WINDOWS\System32\ucrtbase.dll
0x00007ffa10560000 - 0x00007ffa10578000 	C:\Program Files\Java\jdk-19\bin\jli.dll
0x00007ffa093f0000 - 0x00007ffa0940b000 	C:\Program Files\Java\jdk-19\bin\VCRUNTIME140.dll
0x00007ffa252b0000 - 0x00007ffa2535e000 	C:\WINDOWS\System32\ADVAPI32.dll
0x00007ffa25600000 - 0x00007ffa256a7000 	C:\WINDOWS\System32\msvcrt.dll
0x00007ffa24e60000 - 0x00007ffa24f04000 	C:\WINDOWS\System32\sechost.dll
0x00007ffa240f0000 - 0x00007ffa24205000 	C:\WINDOWS\System32\RPCRT4.dll
0x00007ffa25360000 - 0x00007ffa2550d000 	C:\WINDOWS\System32\USER32.dll
0x00007ffa0c700000 - 0x00007ffa0c98e000 	C:\WINDOWS\WinSxS\amd64_microsoft.windows.common-controls_6595b64144ccf1df_6.0.22621.608_none_a9444ca7c10bb01d\COMCTL32.dll
0x00007ffa23390000 - 0x00007ffa233b6000 	C:\WINDOWS\System32\win32u.dll
0x00007ffa255d0000 - 0x00007ffa255f9000 	C:\WINDOWS\System32\GDI32.dll
0x00007ffa23940000 - 0x00007ffa23a52000 	C:\WINDOWS\System32\gdi32full.dll
0x00007ffa23c50000 - 0x00007ffa23cea000 	C:\WINDOWS\System32\msvcp_win.dll
0x00007ffa1c6d0000 - 0x00007ffa1c6da000 	C:\WINDOWS\SYSTEM32\VERSION.dll
0x00007ffa25510000 - 0x00007ffa25542000 	C:\WINDOWS\System32\IMM32.DLL
0x00007ffa1ddf0000 - 0x00007ffa1ddfc000 	C:\Program Files\Java\jdk-19\bin\vcruntime140_1.dll
0x00007ff9e95d0000 - 0x00007ff9e965e000 	C:\Program Files\Java\jdk-19\bin\msvcp140.dll
0x00007ff9b77c0000 - 0x00007ff9b8480000 	C:\Program Files\Java\jdk-19\bin\server\jvm.dll
0x00007ffa1d3a0000 - 0x00007ffa1d3d4000 	C:\WINDOWS\SYSTEM32\WINMM.dll
0x00007ffa10c30000 - 0x00007ffa10c39000 	C:\WINDOWS\SYSTEM32\WSOCK32.dll
0x00007ffa24d00000 - 0x00007ffa24d71000 	C:\WINDOWS\System32\WS2_32.dll
0x00007ffa22460000 - 0x00007ffa22478000 	C:\WINDOWS\SYSTEM32\kernel.appcore.dll
0x00007ffa1c870000 - 0x00007ffa1c87a000 	C:\Program Files\Java\jdk-19\bin\jimage.dll
0x00007ffa20d00000 - 0x00007ffa20f2e000 	C:\WINDOWS\SYSTEM32\DBGHELP.DLL
0x00007ffa24f10000 - 0x00007ffa2529a000 	C:\WINDOWS\System32\combase.dll
0x00007ffa248b0000 - 0x00007ffa24987000 	C:\WINDOWS\System32\OLEAUT32.dll
0x00007ffa0af30000 - 0x00007ffa0af62000 	C:\WINDOWS\SYSTEM32\dbgcore.DLL
0x00007ffa23a60000 - 0x00007ffa23adb000 	C:\WINDOWS\System32\bcryptPrimitives.dll
0x00007ffa09300000 - 0x00007ffa09326000 	C:\Program Files\Java\jdk-19\bin\java.dll
0x00007ff9e29f0000 - 0x00007ff9e2ac7000 	C:\Program Files\Java\jdk-19\bin\jsvml.dll
0x00007ffa256b0000 - 0x00007ffa25e9f000 	C:\WINDOWS\System32\SHELL32.dll
0x00007ffa21350000 - 0x00007ffa21c18000 	C:\WINDOWS\SYSTEM32\windows.storage.dll
0x00007ffa210a0000 - 0x00007ffa211de000 	C:\WINDOWS\SYSTEM32\wintypes.dll
0x00007ffa24b80000 - 0x00007ffa24c71000 	C:\WINDOWS\System32\SHCORE.dll
0x00007ffa25550000 - 0x00007ffa255ae000 	C:\WINDOWS\System32\shlwapi.dll
0x00007ffa23250000 - 0x00007ffa23271000 	C:\WINDOWS\SYSTEM32\profapi.dll

dbghelp: loaded successfully - version: 4.0.5 - missing functions: none
symbol engine: initialized successfully - sym options: 0x614 - pdb path: .;C:\Program Files\Java\jdk-19\bin;C:\WINDOWS\SYSTEM32;C:\WINDOWS\WinSxS\amd64_microsoft.windows.common-controls_6595b64144ccf1df_6.0.22621.608_none_a9444ca7c10bb01d;C:\Program Files\Java\jdk-19\bin\server

VM Arguments:
jvm_args: --enable-preview -XX:+ShowCodeDetailsInExceptionMessages 
java_command: transactions
java_class_path (initial): C:\Users\smart\AppData\Roaming\Code\User\workspaceStorage\62d29ed5718293ff8c2579277431bf4e\redhat.java\jdt_ws\package_2d653396\bin
Launcher Type: SUN_STANDARD

[Global flags]
     intx CICompilerCount                          = 4                                         {product} {ergonomic}
     uint ConcGCThreads                            = 2                                         {product} {ergonomic}
     uint G1ConcRefinementThreads                  = 8                                         {product} {ergonomic}
   size_t G1HeapRegionSize                         = 1048576                                   {product} {ergonomic}
    uintx GCDrainStackTargetSize                   = 64                                        {product} {ergonomic}
   size_t InitialHeapSize                          = 132120576                                 {product} {ergonomic}
   size_t MarkStackSize                            = 4194304                                   {product} {ergonomic}
   size_t MaxHeapSize                              = 2105540608                                {product} {ergonomic}
   size_t MaxNewSize                               = 1262485504                                {product} {ergonomic}
   size_t MinHeapDeltaBytes                        = 1048576                                   {product} {ergonomic}
   size_t MinHeapSize                              = 8388608                                   {product} {ergonomic}
    uintx NonNMethodCodeHeapSize                   = 5839372                                {pd product} {ergonomic}
    uintx NonProfiledCodeHeapSize                  = 122909434                              {pd product} {ergonomic}
    uintx ProfiledCodeHeapSize                     = 122909434                              {pd product} {ergonomic}
    uintx ReservedCodeCacheSize                    = 251658240                              {pd product} {ergonomic}
     bool SegmentedCodeCache                       = true                                      {product} {ergonomic}
     bool ShowCodeDetailsInExceptionMessages       = true                                   {manageable} {command line}
   size_t SoftMaxHeapSize                          = 2105540608                             {manageable} {ergonomic}
     bool UseCompressedClassPointers               = true                           {product lp64_product} {ergonomic}
     bool UseCompressedOops                        = true                           {product lp64_product} {ergonomic}
     bool UseG1GC                                  = true                                      {product} {ergonomic}
     bool UseLargePagesIndividualAllocation        = false                                  {pd product} {ergonomic}

Logging:
Log output configuration:
 #0: stdout all=warning uptime,level,tags foldmultilines=false
 #1: stderr all=off uptime,level,tags foldmultilines=false

Environment Variables:
PATH=C:\Program Files\Common Files\Oracle\Java\javapath;C:\Windows\system32;C:\Windows;C:\Windows\System32\Wbem;C:\Windows\System32\WindowsPowerShell\v1.0\;C:\Windows\System32\OpenSSH\;C:\Program Files (x86)\NVIDIA Corporation\PhysX\Common;C:\Program Files\NVIDIA Corporation\NVIDIA NvDLISR;C:\WINDOWS\system32;C:\WINDOWS;C:\WINDOWS\System32\Wbem;C:\WINDOWS\System32\WindowsPowerShell\v1.0\;C:\WINDOWS\System32\OpenSSH\;C:\Program Files\PuTTY\;C:\Users\smart\AppData\Local\Microsoft\WindowsApps;C:\Users\smart\AppData\Local\Programs\Microsoft VS Code\bin;C:\Program Files\JetBrains\IntelliJ IDEA Community Edition 2022.3.2\bin;;C:\Program Files\Java\jdk-19\lib\mysql-connector.jar;
USERNAME=smart
LANG=en_US.UTF-8
OS=Windows_NT
PROCESSOR_IDENTIFIER=Intel64 Family 6 Model 165 Stepping 2, GenuineIntel
TMP=C:\Users\smart\AppData\Local\Temp
TEMP=C:\Users\smart\AppData\Local\Temp



---------------  S Y S T E M  ---------------

OS:
 Windows 11 , 64 bit Build 22621 (10.0.22621.1105)
OS uptime: 0 days 8:55 hours

CPU: total 8 (initial active 8) (4 cores per cpu, 2 threads per core) family 6 model 165 stepping 2 microcode 0xe0, cx8, cmov, fxsr, ht, mmx, 3dnowpref, sse, sse2, sse3, ssse3, sse4.1, sse4.2, popcnt, lzcnt, tsc, tscinvbit, avx, avx2, aes, erms, clmul, bmi1, bmi2, adx, fma, vzeroupper, clflush, clflushopt, rdtscp

Memory: 4k page, system-wide physical 8029M (246M free)
TotalPageFile size 32605M (AvailPageFile size 2M)
current process WorkingSet (physical memory assigned to process): 28M, peak: 28M
current process commit charge ("private bytes"): 208M, peak: 209M

vm_info: Java HotSpot(TM) 64-Bit Server VM (19.0.1+10-21) for windows-amd64 JRE (19.0.1+10-21), built on 2022-09-14T12:45:06Z by "mach5one" with MS VC++ 17.1 (VS2022)

END.
